/.GET took 85ms. User: unknown
/TasksList.GET took 34ms. User: unknown
/TasksList/15.DELETE took 60ms. User: unknown
/TasksList.GET took 1ms. User: unknown
/.GET took 14ms. User: unknown
/index.html.GET took 38ms. User: unknown
/css/site.css.GET took 3ms. User: unknown
/swagger.GET took 4ms. User: unknown
/swagger/index.html.GET took 75ms. User: unknown
/swagger/swagger-ui.css.GET took 18ms. User: unknown
/swagger/swagger-ui-standalone-preset.js.GET took 22ms. User: unknown
/swagger/swagger-ui-bundle.js.GET took 32ms. User: unknown
/swagger/favicon-32x32.png.GET took 0ms. User: unknown
/swagger/v1/swagger.json.GET took 109ms. User: unknown
/TasksList.GET took 38ms. User: unknown
/TasksList.POST took 59ms. User: unknown
/TasksList/15.GET took 4ms. User: unknown
/TasksList/15.PUT took 5ms. User: unknown
/TasksList/15.DELETE took 3ms. User: unknown
/TasksList.GET took 55ms. User: unknown
/TasksList.POST took 57ms. User: unknown
/TasksList.GET took 1ms. User: unknown
/TasksList/15.DELETE took 12ms. User: unknown
/TasksList.GET took 0ms. User: unknown
/index.html.GET took 26ms. User: unknown
/TasksList.GET took 43ms. User: unknown
/TasksList/11.PUT took 48ms. User: unknown
/TasksList.GET took 0ms. User: unknown
/TasksList.POST took 69ms. User: unknown
/TasksList.GET took 0ms. User: unknown
/TasksList/15.DELETE took 8ms. User: unknown
/TasksList.GET took 0ms. User: unknown
/index.html.GET took 43ms. User: unknown
/TasksList.GET took 48ms. User: unknown
/swagger.GET took 4ms. User: unknown
/swagger/index.html.GET took 67ms. User: unknown
/swagger/swagger-ui.css.GET took 18ms. User: unknown
/swagger/swagger-ui-standalone-preset.js.GET took 22ms. User: unknown
/swagger/swagger-ui-bundle.js.GET took 33ms. User: unknown
/swagger/v1/swagger.json.GET took 111ms. User: unknown
/TasksList.GET took 2ms. User: unknown
/TasksList.GET took 1ms. User: unknown
/Tasks.GET took 5ms. User: unknown
/TasksList.GET took 32ms. User: unknown
/TasksList/1.GET took 101ms. User: unknown
/TasksList/3.GET took 1ms. User: unknown
/js/site.js.GET took 60ms. User: unknown
/TasksList.GET took 124ms. User: unknown
/swagger/index.html.GET took 148ms. User: unknown
/swagger/index.html.GET took 5ms. User: unknown
/swagger/favicon-32x32.png.GET took 3ms. User: unknown
/swagger/index.html.GET took 2ms. User: unknown
/TasksList.GET took 79ms. User: unknown
/swagger/index.html.GET took 175ms. User: unknown
/swagger/index.html.GET took 6ms. User: unknown
/TasksList.GET took 174ms. User: unknown
/swagger/index.html.GET took 151ms. User: unknown
/swagger/index.html.GET took 8ms. User: unknown
/swagger/v1/swagger.json.GET took 181ms. User: unknown
/Users.POST took 129ms. User: unknown
/Users.POST took 7ms. User: unknown
/Users.GET took 33ms. User: unknown
/Users.PUT took 63ms. User: unknown
/Users.PUT took 12ms. User: unknown
/Users.PUT took 1ms. User: unknown
/Users.PUT took 2ms. User: unknown
/Users/325732774.GET took 24ms. User: unknown
/Users/2.GET took 1ms. User: unknown
/Users.PUT took 0ms. User: unknown
/Users.PUT took 1ms. User: unknown
/TasksList.GET took 165ms. User: unknown
/swagger/index.html.GET took 128ms. User: unknown
/swagger/v1/swagger.json.GET took 188ms. User: unknown
/Users/2.PUT took 117ms. User: unknown
/Users/2.PUT took 4ms. User: unknown
/index.html.GET took 44ms. User: unknown
/js/site.js.GET took 3ms. User: unknown
/TasksList.GET took 72ms. User: unknown
/swagger/index.html.GET took 156ms. User: unknown
/swagger/index.html.GET took 4ms. User: unknown
/swagger/v1/swagger.json.GET took 185ms. User: unknown
/Users.GET took 14ms. User: unknown
/Users/2.GET took 4ms. User: unknown
/TasksList.GET took 100ms. User: unknown
/swagger/index.html.GET took 127ms. User: unknown
/swagger/index.html.GET took 6ms. User: unknown
/swagger/v1/swagger.json.GET took 229ms. User: unknown
/Users/Login.POST took 107ms. User: unknown
/Users.GET took 33ms. User: unknown
/TasksList.GET took 102ms. User: unknown
/swagger/index.html.GET took 157ms. User: unknown
/swagger/index.html.GET took 6ms. User: unknown
/swagger/v1/swagger.json.GET took 243ms. User: unknown
/.GET took 28ms. User: unknown
/TasksList.GET took 96ms. User: unknown
/swagger/index.html.GET took 146ms. User: unknown
/swagger/index.html.GET took 4ms. User: unknown
/swagger/v1/swagger.json.GET took 197ms. User: unknown
/Users/Login.POST took 141ms. User: unknown
/Users.GET took 42ms. User: unknown
/Users/Login.POST took 1ms. User: unknown
/Users.GET took 2ms. User: unknown
/login.GET took 13ms. User: unknown
/login.GET took 1ms. User: unknown
/Login.POST took 0ms. User: unknown
/Login.POST took 0ms. User: unknown
/Users/Login.POST took 39ms. User: unknown
/Users/Login.POST took 0ms. User: unknown
/Users/Login.POST took 18ms. User: unknown
/TasksList/3.DELETE took 16ms. User: unknown
/TasksList/3.DELETE took 1ms. User: unknown
/TasksList/2.DELETE took 1ms. User: unknown
/TasksList/5.DELETE took 2ms. User: unknown
/TasksList/6.DELETE took 0ms. User: unknown
/TasksList/4.DELETE took 1ms. User: unknown
/TasksList/7.PUT took 14ms. User: unknown
/TasksList.GET took 1ms. User: unknown
/.GET took 53ms. User: unknown
/TasksList.GET took 68ms. User: unknown
/swagger/index.html.GET took 119ms. User: unknown
/swagger/index.html.GET took 3ms. User: unknown
/swagger/v1/swagger.json.GET took 322ms. User: unknown
/Login/Login.POST took 151ms. User: unknown
/TasksList.GET took 0ms. User: unknown
/Users.GET took 20ms. User: unknown
/.GET took 28ms. User: unknown
/TasksList.GET took 106ms. User: unknown
/swagger/index.html.GET took 136ms. User: unknown
/swagger/index.html.GET took 2ms. User: unknown
/swagger/v1/swagger.json.GET took 212ms. User: unknown
/Login.POST took 104ms. User: unknown
/TasksList.GET took 1ms. User: unknown
/Users.GET took 20ms. User: unknown
/swagger/index.html.GET took 2ms. User: unknown
/swagger/index.html.GET took 1ms. User: unknown
/swagger/v1/swagger.json.GET took 6ms. User: unknown
/Login.POST took 5ms. User: unknown
/Users.GET took 3ms. User: unknown
/.GET took 32ms. User: unknown
/TasksList.GET took 68ms. User: unknown
/Login.POST took 133ms. User: unknown
/Users.GET took 29ms. User: unknown
/Users.POST took 4ms. User: unknown
/Users/1.GET took 11ms. User: unknown
/Users/1.GET took 0ms. User: unknown
/Users/1.PUT took 0ms. User: unknown
/TasksList.GET took 95ms. User: unknown
/Login.POST took 122ms. User: unknown
/Users.GET took 42ms. User: unknown
/TasksList.GET took 105ms. User: unknown
/swagger/index.html.GET took 123ms. User: unknown
/swagger/v1/swagger.json.GET took 203ms. User: unknown
/Login.POST took 90ms. User: unknown
/Users.GET took 44ms. User: unknown
/.GET took 24ms. User: unknown
/TasksList.GET took 72ms. User: unknown
/swagger/index.html.GET took 162ms. User: unknown
/swagger/index.html.GET took 5ms. User: unknown
/swagger/v1/swagger.json.GET took 287ms. User: unknown
/Users.GET took 21ms. User: unknown
/Users.GET took 46ms. User: unknown
/Users.GET took 7ms. User: unknown
/Users.GET took 2ms. User: unknown
/Users.GET took 0ms. User: unknown
/.GET took 38ms. User: unknown
/TasksList.GET took 85ms. User: unknown
/swagger/index.html.GET took 151ms. User: unknown
/swagger/index.html.GET took 5ms. User: unknown
/swagger/v1/swagger.json.GET took 317ms. User: unknown
/Users.GET took 20ms. User: unknown
/Login.POST took 130ms. User: unknown
/Users.GET took 5ms. User: unknown
/.GET took 33ms. User: unknown
/TasksList.GET took 64ms. User: unknown
/swagger/index.html.GET took 166ms. User: unknown
/swagger/index.html.GET took 5ms. User: unknown
/swagger/v1/swagger.json.GET took 188ms. User: unknown
/Login.POST took 123ms. User: unknown
/Users.GET took 28ms. User: unknown
/.GET took 41ms. User: unknown
/index.html.GET took 42ms. User: unknown
/js/site.js.GET took 4ms. User: unknown
/TasksList.GET took 80ms. User: unknown
/TasksList/.PUT took 0ms. User: unknown
/TasksList.GET took 1ms. User: unknown
/swagger/index.html.GET took 160ms. User: unknown
/swagger/index.html.GET took 1ms. User: unknown
/swagger/v1/swagger.json.GET took 192ms. User: unknown
/Login.POST took 120ms. User: unknown
/Login.POST took 5ms. User: unknown
/Login.POST took 3ms. User: unknown
/Login.POST took 1ms. User: unknown
/Login.POST took 1ms. User: unknown
/.GET took 55ms. User: unknown
/css/site.css.GET took 16ms. User: unknown
/TasksList.GET took 67ms. User: unknown
/.GET took 37ms. User: unknown
/TasksList.GET took 90ms. User: unknown
/swagger/index.html.GET took 116ms. User: unknown
/swagger/index.html.GET took 2ms. User: unknown
/swagger/v1/swagger.json.GET took 178ms. User: unknown
/Login.POST took 97ms. User: unknown
/Users.GET took 9ms. User: unknown
/TasksList.GET took 1ms. User: unknown
/Login.POST took 3ms. User: unknown
/Login.POST took 1ms. User: unknown
/Users.GET took 3ms. User: unknown
/.GET took 22ms. User: unknown
/TasksList.GET took 67ms. User: unknown
/swagger/index.html.GET took 192ms. User: unknown
/swagger/index.html.GET took 2ms. User: unknown
/swagger/v1/swagger.json.GET took 176ms. User: unknown
/Login.POST took 99ms. User: unknown
/Users.POST took 8ms. User: unknown
/Users.POST took 2ms. User: unknown
/Users/1.GET took 4ms. User: unknown
/Users.GET took 0ms. User: unknown
/Users.GET took 0ms. User: unknown
/swagger/index.html.GET took 114ms. User: unknown
/swagger/favicon-32x32.png.GET took 14ms. User: unknown
/swagger/v1/swagger.json.GET took 170ms. User: unknown
/Login.POST took 138ms. User: unknown
/Users.GET took 12ms. User: unknown
/.GET took 38ms. User: unknown
/.GET took 1ms. User: unknown
/TasksList.GET took 80ms. User: unknown
/TasksList.GET took 1ms. User: unknown
/swagger/index.html.GET took 170ms. User: unknown
/swagger/index.html.GET took 2ms. User: unknown
/swagger/v1/swagger.json.GET took 194ms. User: unknown
/Login.POST took 138ms. User: unknown
/Users.GET took 9ms. User: unknown
/Users.POST took 68ms. User: unknown
/swagger/index.html.GET took 121ms. User: unknown
/swagger/v1/swagger.json.GET took 59ms. User: unknown
/swagger/index.html.GET took 155ms. User: unknown
/swagger/v1/swagger.json.GET took 192ms. User: unknown
/Login.POST took 152ms. User: unknown
/Users.GET took 13ms. User: unknown
/swagger/index.html.GET took 124ms. User: unknown
/swagger/v1/swagger.json.GET took 306ms. User: unknown
/Login.POST took 128ms. User: unknown
/Users.GET took 13ms. User: unknown
/Users.POST took 76ms. User: unknown
/Users/4.GET took 11ms. User: unknown
/Users/4.PUT took 31ms. User: unknown
/Users/4.PUT took 3ms. User: unknown
/TasksList.GET took 148ms. User: unknown
/swagger/index.html.GET took 171ms. User: unknown
/swagger/index.html.GET took 3ms. User: unknown
/swagger/v1/swagger.json.GET took 186ms. User: unknown
/Login.POST took 146ms. User: unknown
/Login.POST took 2ms. User: unknown
/TasksList.GET took 6ms. User: unknown
/TasksList.GET took 2ms. User: unknown
/index.html.GET took 106ms. User: unknown
/js/site.js.GET took 15ms. User: unknown
/css/site.css.GET took 37ms. User: unknown
/TasksList.GET took 199ms. User: unknown
/swagger.GET took 19ms. User: unknown
/swagger/index.html.GET took 177ms. User: unknown
/swagger/swagger-ui.css.GET took 11ms. User: unknown
/swagger/swagger-ui-standalone-preset.js.GET took 29ms. User: unknown
/swagger/swagger-ui-bundle.js.GET took 45ms. User: unknown
/swagger/index.html.GET took 1ms. User: unknown
/swagger/favicon-32x32.png.GET took 0ms. User: unknown
/swagger/v1/swagger.json.GET took 195ms. User: unknown
/Login.POST took 143ms. User: unknown
/TasksList.GET took 3ms. User: unknown
/swagger/index.html.GET took 125ms. User: unknown
/swagger/v1/swagger.json.GET took 155ms. User: unknown
/Login.POST took 117ms. User: unknown
/TasksList.GET took 71ms. User: unknown
/swagger/index.html.GET took 117ms. User: unknown
/swagger/v1/swagger.json.GET took 166ms. User: unknown
/Login.POST took 113ms. User: unknown
/TasksList.GET took 48ms. User: unknown
/swagger/index.html.GET took 134ms. User: unknown
/swagger/v1/swagger.json.GET took 191ms. User: unknown
/Login.POST took 146ms. User: unknown
/Login.POST took 2ms. User: unknown
/TasksList.GET took 104ms. User: unknown
/.GET took 35ms. User: unknown
/TasksList.GET took 83ms. User: unknown
/swagger/index.html.GET took 172ms. User: unknown
/swagger/v1/swagger.json.GET took 186ms. User: unknown
/Login.POST took 91ms. User: unknown
/TasksList.GET took 8ms. User: unknown
/Login.POST took 9ms. User: unknown
/TasksList.GET took 2ms. User: unknown
/swagger/index.html.GET took 58ms. User: unknown
/TasksList.GET took 44ms. User: unknown
/TasksList.GET took 38ms. User: unknown
/index.html.GET took 49ms. User: unknown
/TasksList.GET took 59ms. User: unknown
/index.html.GET took 21ms. User: unknown
/TasksList.GET took 56ms. User: unknown
/index.html.GET took 19ms. User: unknown
/TasksList.GET took 59ms. User: unknown
/index.html.GET took 19ms. User: unknown
/TasksList.GET took 59ms. User: unknown
/index.html.GET took 3ms. User: unknown
/TasksList.GET took 4ms. User: unknown
/index.html.GET took 2ms. User: unknown
/TasksList.GET took 1ms. User: unknown
/index.html.GET took 2ms. User: unknown
/TasksList.GET took 1ms. User: unknown
/.GET took 15ms. User: unknown
/index.html.GET took 12ms. User: unknown
/TasksList.GET took 60ms. User: unknown
/index.html.GET took 18ms. User: unknown
/TasksList.GET took 60ms. User: unknown
/index.html.GET took 3ms. User: unknown
/TasksList.GET took 3ms. User: unknown
/index.html.GET took 2ms. User: unknown
/TasksList.GET took 1ms. User: unknown
/index.html.GET took 19ms. User: unknown
/TasksList.GET took 66ms. User: unknown
/index.html.GET took 2ms. User: unknown
/TasksList.GET took 4ms. User: unknown
/index.html.GET took 2ms. User: unknown
/TasksList.GET took 2ms. User: unknown
/index.html.GET took 2ms. User: unknown
/.GET took 14ms. User: unknown
/.GET took 1ms. User: unknown
/swagger/index.html.GET took 58ms. User: unknown
/swagger/index.html.GET took 1ms. User: unknown
/swagger/v1/swagger.json.GET took 85ms. User: unknown
/index.html.GET took 22ms. User: unknown
/TasksList.GET took 42ms. User: unknown
/index.html.GET took 21ms. User: unknown
/TasksList.GET took 51ms. User: unknown
/index.html.GET took 18ms. User: unknown
/css/site.css.GET took 10ms. User: unknown
/css/site.css.GET took 2ms. User: unknown
/index.html.GET took 9ms. User: unknown
/css/site.css.GET took 0ms. User: unknown
/js/site.js.GET took 10ms. User: unknown
/index.html.GET took 8ms. User: unknown
/css/site.css.GET took 0ms. User: unknown
/js/site.js.GET took 10ms. User: unknown
/index.html.GET took 16ms. User: unknown
/css/site.css.GET took 1ms. User: unknown
/js/site.js.GET took 6ms. User: unknown
/index.html.GET took 1ms. User: unknown
/css/site.css.GET took 0ms. User: unknown
/js/site.js.GET took 0ms. User: unknown
/index.html.GET took 1ms. User: unknown
/css/site.css.GET took 0ms. User: unknown
/js/site.js.GET took 0ms. User: unknown
/index.html.GET took 1ms. User: unknown
/js/site.js.GET took 0ms. User: unknown
/index.html.GET took 1ms. User: unknown
/css/site.css.GET took 0ms. User: unknown
/js/site.js.GET took 0ms. User: unknown
/index.html.GET took 16ms. User: unknown
/css/site.css.GET took 0ms. User: unknown
/js/site.js.GET took 9ms. User: unknown
/index.html.GET took 8ms. User: unknown
/css/site.css.GET took 1ms. User: unknown
/js/site.js.GET took 11ms. User: unknown
/swagger.GET took 2ms. User: unknown
/swagger.GET took 2ms. User: unknown
/swagger.GET took 0ms. User: unknown
/swagger.GET took 0ms. User: unknown
/index.html.GET took 0ms. User: unknown
/js/site.js.GET took 0ms. User: unknown
/css/site.css.GET took 9ms. User: unknown
/swagger.GET took 2ms. User: unknown
/swagger.GET took 2ms. User: unknown
/index.html.GET took 9ms. User: unknown
/js/site.js.GET took 8ms. User: unknown
/swagger.GET took 3ms. User: unknown
/swagger.GET took 1ms. User: unknown
/js/site.js.GET took 12ms. User: unknown
/swagger.GET took 2ms. User: unknown
/swagger.GET took 2ms. User: unknown
/index.html.GET took 9ms. User: unknown
/js/site.js.GET took 0ms. User: unknown
/css/site.css.GET took 10ms. User: unknown
/swagger.GET took 4ms. User: unknown
/index.html.GET took 10ms. User: unknown
/css/site.css.GET took 0ms. User: unknown
/index.html.GET took 9ms. User: unknown
/js/site.js.GET took 9ms. User: unknown
/index.html.GET took 8ms. User: unknown
/css/site.css.GET took 1ms. User: unknown
/js/site.js.GET took 9ms. User: unknown
/Login.POST took 108ms. User: unknown
/index.html.GET took 9ms. User: unknown
/js/site.js.GET took 1ms. User: unknown
/Login.POST took 63ms. User: unknown
/index.html.GET took 1ms. User: unknown
/js/site.js.GET took 0ms. User: unknown
/css/site.css.GET took 5ms. User: unknown
/Login.POST took 3ms. User: unknown
/index.html.GET took 2ms. User: unknown
/js/site.js.GET took 0ms. User: unknown
/Login.POST took 2ms. User: unknown
/index.html.GET took 0ms. User: unknown
/Login.POST took 2ms. User: unknown
/index.html.GET took 9ms. User: unknown
/css/site.css.GET took 0ms. User: unknown
/js/site.js.GET took 9ms. User: unknown
/Login.POST took 148ms. User: unknown
/index.html.GET took 0ms. User: unknown
/js/site.js.GET took 0ms. User: unknown
/index.html.GET took 0ms. User: unknown
/index.html.GET took 0ms. User: unknown
/index.html.GET took 1ms. User: unknown
/js/site.js.GET took 0ms. User: unknown
/Login.POST took 15ms. User: unknown
/index.html.GET took 8ms. User: unknown
/js/site.js.GET took 7ms. User: unknown
/Login.POST took 141ms. User: unknown
/index.html.GET took 1ms. User: unknown
/js/site.js.GET took 0ms. User: unknown
/index.html.GET took 17ms. User: unknown
/css/site.css.GET took 1ms. User: unknown
/js/site.js.GET took 11ms. User: unknown
/Login.POST took 156ms. User: unknown
/index.html.GET took 0ms. User: unknown
/js/site.js.GET took 0ms. User: unknown
/index.html.GET took 10ms. User: unknown
/js/site.js.GET took 7ms. User: unknown
/swagger.GET took 2ms. User: unknown
/index.html.GET took 9ms. User: unknown
/js/site.js.GET took 7ms. User: unknown
/TasksList.GET took 99ms. User: unknown
/index.html.GET took 16ms. User: unknown
/css/site.css.GET took 0ms. User: unknown
/js/site.js.GET took 7ms. User: unknown
/Users.GET took 6ms. User: unknown
/TasksList.GET took 69ms. User: unknown
/index.html.GET took 1ms. User: unknown
/js/site.js.GET took 0ms. User: unknown
/index.html.GET took 2ms. User: unknown
/js/site.js.GET took 0ms. User: unknown
/index.html.GET took 1ms. User: unknown
/js/site.js.GET took 0ms. User: unknown
/index.html.GET took 1ms. User: unknown
/index.html.GET took 1ms. User: unknown
/index.html.GET took 1ms. User: unknown
/js/site.js.GET took 0ms. User: unknown
/index.html.GET took 0ms. User: unknown
/js/site.js.GET took 0ms. User: unknown
/index.html.GET took 15ms. User: unknown
/js/site.js.GET took 8ms. User: unknown
/Login.POST took 160ms. User: unknown
/index.html.GET took 0ms. User: unknown
/js/site.js.GET took 0ms. User: unknown
/Users.GET took 13ms. User: unknown
/TasksList.GET took 39ms. User: unknown
/index.html.GET took 10ms. User: unknown
/js/site.js.GET took 10ms. User: unknown
/TasksList.GET took 69ms. User: unknown
/Users.GET took 69ms. User: unknown
/index.html.GET took 1ms. User: unknown
/js/site.js.GET took 0ms. User: unknown
/Login.POST took 54ms. User: unknown
/index.html.GET took 0ms. User: unknown
/js/site.js.GET took 0ms. User: unknown
/TasksList.GET took 1ms. User: unknown
/Users.GET took 6ms. User: unknown
/index.html.GET took 1ms. User: unknown
/Login.POST took 6ms. User: unknown
/index.html.GET took 9ms. User: unknown
/js/site.js.GET took 7ms. User: unknown
/index.html.GET took 13ms. User: unknown
/js/site.js.GET took 10ms. User: unknown
/Users.GET took 97ms. User: unknown
/index.html.GET took 1ms. User: unknown
/js/site.js.GET took 0ms. User: unknown
/Login.POST took 83ms. User: unknown
/Users.GET took 19ms. User: unknown
/index.html.GET took 1ms. User: unknown
/js/site.js.GET took 0ms. User: unknown
/Users.GET took 2ms. User: unknown
/index.html.GET took 1ms. User: unknown
/js/site.js.GET took 0ms. User: unknown
/Login.POST took 21ms. User: unknown
/TasksList.GET took 0ms. User: unknown
/Users.GET took 3ms. User: unknown
/index.html.GET took 1ms. User: unknown
/css/site.css.GET took 0ms. User: unknown
/js/site.js.GET took 0ms. User: unknown
/TasksList.GET took 0ms. User: unknown
/index.html.GET took 1ms. User: unknown
/js/site.js.GET took 0ms. User: unknown
/TasksList.GET took 0ms. User: unknown
/Users.GET took 0ms. User: unknown
/index.html.GET took 0ms. User: unknown
/js/site.js.GET took 0ms. User: unknown
/Users.GET took 0ms. User: unknown
/TasksList.GET took 1ms. User: unknown
/index.html.GET took 8ms. User: unknown
/js/site.js.GET took 0ms. User: unknown
/TasksList.GET took 90ms. User: unknown
/index.html.GET took 1ms. User: unknown
/TasksList.GET took 1ms. User: unknown
/Users.GET took 7ms. User: unknown
/TasksList/7.PUT took 58ms. User: unknown
/TasksList.GET took 0ms. User: unknown
/Users.POST took 59ms. User: unknown
/Users.GET took 0ms. User: unknown
/index.html.GET took 2ms. User: unknown
/js/site.js.GET took 0ms. User: unknown
/Users.GET took 0ms. User: unknown
/index.html.GET took 1ms. User: unknown
/TasksList.GET took 0ms. User: unknown
/Users.GET took 0ms. User: unknown
/index.html.GET took 10ms. User: unknown
/js/site.js.GET took 0ms. User: unknown
/TasksList.GET took 74ms. User: unknown
/index.html.GET took 1ms. User: unknown
/TasksList.GET took 2ms. User: unknown
/Users.GET took 7ms. User: unknown
/index.html.GET took 13ms. User: unknown
/js/site.js.GET took 0ms. User: unknown
/TasksList.GET took 1ms. User: unknown
/Users.GET took 3ms. User: unknown
/index.html.GET took 1ms. User: unknown
/js/site.js.GET took 0ms. User: unknown
/TasksList.GET took 0ms. User: unknown
/Users.GET took 5ms. User: unknown
/index.html.GET took 0ms. User: unknown
/js/site.js.GET took 0ms. User: unknown
/TasksList.GET took 0ms. User: unknown
/Users.GET took 0ms. User: unknown
/index.html.GET took 42ms. User: unknown
/js/site.js.GET took 2ms. User: unknown
/css/site.css.GET took 11ms. User: unknown
/Users.GET took 121ms. User: unknown
/index.html.GET took 5ms. User: unknown
/TasksList.GET took 4ms. User: unknown
/Users.GET took 11ms. User: unknown
/index.html.GET took 12ms. User: unknown
/TasksList.GET took 3ms. User: unknown
/Users.GET took 4ms. User: unknown
/index.html.GET took 3ms. User: unknown
/TasksList.GET took 1ms. User: unknown
/Users.GET took 2ms. User: unknown
/index.html.GET took 2ms. User: unknown
/TasksList.GET took 1ms. User: unknown
/Users.GET took 1ms. User: unknown
/index.html.GET took 2ms. User: unknown
/TasksList.GET took 1ms. User: unknown
/Users.GET took 1ms. User: unknown
/index.html.GET took 2ms. User: unknown
/TasksList.GET took 1ms. User: unknown
/Users.GET took 1ms. User: unknown
/index.html.GET took 3ms. User: unknown
/TasksList.GET took 1ms. User: unknown
/Users.GET took 228ms. User: unknown
/index.html.GET took 34ms. User: unknown
/TasksList.GET took 132ms. User: unknown
/Users.GET took 28ms. User: unknown
/index.html.GET took 30ms. User: unknown
/TasksList.GET took 1ms. User: unknown
/Users.GET took 21ms. User: unknown
/TasksList.GET took 109ms. User: unknown
/index.html.GET took 29ms. User: unknown
/TasksList.GET took 2ms. User: unknown
/Users.GET took 6ms. User: unknown
/index.html.GET took 11ms. User: unknown
/TasksList.GET took 1ms. User: unknown
/Users.GET took 7ms. User: unknown
/index.html.GET took 17ms. User: unknown
/TasksList.GET took 166ms. User: unknown
/Users.GET took 31ms. User: unknown
/index.html.GET took 3ms. User: unknown
/TasksList.GET took 9ms. User: unknown
/Users.GET took 20ms. User: unknown
/Users.GET took 114ms. User: unknown
