/index.html.GET took 10ms. User: unknown
/js/site.js.GET took 0ms. User: unknown
/TasksList.GET took 91ms. User: miryam
/index.html.GET took 1ms. User: unknown
/TasksList.GET took 1ms. User: miryam
/Users.GET took 5ms. User: miryam
/TasksList.POST took 52ms. User: miryam
/TasksList.GET took 0ms. User: miryam
/index.html.GET took 1ms. User: unknown
/js/site.js.GET took 0ms. User: unknown
/Login.POST took 20ms. User: unknown
/TasksList.GET took 0ms. User: Miri Cohen
/Users.GET took 7ms. User: Miri Cohen
/TasksList/16.PUT took 11ms. User: Miri Cohen
/TasksList.GET took 0ms. User: Miri Cohen
/Users/GetUser.GET took 8ms. User: Miri Cohen
/Users/1.PUT took 13ms. User: Miri Cohen
/Users.GET took 0ms. User: Miri Cohen
/Users/GetUser.GET took 1ms. User: Miri Cohen
/Users/1.PUT took 4ms. User: Miri Cohen
/Users.GET took 0ms. User: Miri Cohen
/index.html.GET took 18ms. User: unknown
/js/site.js.GET took 1ms. User: unknown
/Users.GET took 6ms. User: Miri Cohen
/TasksList.GET took 86ms. User: Miri Cohen
/index.html.GET took 2ms. User: unknown
/index.html.GET took 27ms. User: unknown
/index.html.GET took 19ms. User: unknown
/index.html.GET took 9ms. User: unknown
/index.html.GET took 12ms. User: unknown
/css/site.css.GET took 1ms. User: unknown
/js/site.js.GET took 7ms. User: unknown
/index.html.GET took 27ms. User: unknown
/index.html.GET took 29ms. User: unknown
/js/site.js.GET took 1ms. User: unknown
/index.html.GET took 0ms. User: unknown
/index.html.GET took 4ms. User: unknown
/Login.POST took 156ms. User: unknown
/Login.POST took 68ms. User: unknown
/Users.GET took 9ms. User: Miri Levi
/TasksList.GET took 27ms. User: Miri Levi
/TasksList.POST took 40ms. User: Miri Levi
/TasksList.GET took 1ms. User: Miri Levi
/Users/GetUser.GET took 5ms. User: Miri Levi
/Users/1.PUT took 14ms. User: Miri Levi
/Users.GET took 1ms. User: Miri Levi
/index.html.GET took 0ms. User: unknown
/Users.GET took 0ms. User: Miri Levi
/TasksList.GET took 0ms. User: Miri Levi
/index.html.GET took 1ms. User: unknown
/TasksList.GET took 0ms. User: Miri Levi
/Users.GET took 0ms. User: Miri Levi
/index.html.GET took 0ms. User: unknown
/index.html.GET took 28ms. User: unknown
/css/site.css.GET took 0ms. User: unknown
/index.html.GET took 2ms. User: unknown
/js/site.js.GET took 15ms. User: unknown
/Login.POST took 255ms. User: unknown
/Login.POST took 31ms. User: unknown
/Login.POST took 1ms. User: unknown
/Login.POST took 227ms. User: unknown
/Login.POST took 152ms. User: unknown
/Users.GET took 19ms. User: Miri Levi
/TasksList.GET took 22ms. User: Miri Levi
/Users.GET took 31ms. User: Miri Levi
/TasksList.GET took 355ms. User: Miri Levi
/Login.POST took 85ms. User: unknown
/Login.POST took 12ms. User: unknown
/Login.POST took 1ms. User: unknown
/Login.POST took 1ms. User: unknown
/Login.POST took 19ms. User: unknown
/Login.POST took 37ms. User: unknown
/Login.POST took 2ms. User: unknown
/Login.POST took 6ms. User: unknown
/Login.POST took 3ms. User: unknown
/Login.POST took 1ms. User: unknown
/Login.POST took 1ms. User: unknown
/index.html.GET took 58ms. User: unknown
/css/site.css.GET took 1ms. User: unknown
/js/site.js.GET took 15ms. User: unknown
/Users.GET took 13ms. User: Miri Levi
/TasksList.GET took 171ms. User: Miri Levi
/Users/GetUser.GET took 47ms. User: Miri Levi
/Users/GetUser.GET took 1ms. User: Miri Levi
/index.html.GET took 2ms. User: unknown
/Login.POST took 119ms. User: unknown
/TasksList.GET took 1ms. User: miryam
/Users.GET took 15ms. User: miryam
/index.html.GET took 2ms. User: unknown
/Users.GET took 3ms. User: miryam
/TasksList.GET took 4ms. User: miryam
/index.html.GET took 2ms. User: unknown
/TasksList.GET took 2ms. User: miryam
/Users.GET took 2ms. User: miryam
/index.html.GET took 2ms. User: unknown
/TasksList.GET took 2ms. User: miryam
/Users.GET took 2ms. User: miryam
/index.html.GET took 20ms. User: unknown
/Users.GET took 170ms. User: miryam
/Login.POST took 139ms. User: unknown
/Users.GET took 3ms. User: miryam
/TasksList.GET took 6ms. User: miryam
/index.html.GET took 3ms. User: unknown
/TasksList.GET took 2ms. User: miryam
/Users.GET took 1ms. User: miryam
/index.html.GET took 21ms. User: unknown
/TasksList.GET took 156ms. User: miryam
/index.html.GET took 3ms. User: unknown
/Users.GET took 9ms. User: miryam
/TasksList.GET took 10ms. User: miryam
/index.html.GET took 3ms. User: unknown
/TasksList.GET took 1ms. User: miryam
/Users.GET took 2ms. User: miryam
/index.html.GET took 2ms. User: unknown
/js/site.js.GET took 19ms. User: unknown
/TasksList.GET took 2ms. User: miryam
/Users.GET took 3ms. User: miryam
/index.html.GET took 15ms. User: unknown
/js/site.js.GET took 1ms. User: unknown
/TasksList.GET took 149ms. User: miryam
/index.html.GET took 3ms. User: unknown
/js/site.js.GET took 1ms. User: unknown
/TasksList.GET took 15ms. User: miryam
/Users.GET took 15ms. User: miryam
/index.html.GET took 5ms. User: unknown
/js/site.js.GET took 1ms. User: unknown
/TasksList.GET took 2ms. User: miryam
/Users.GET took 6ms. User: miryam
/index.html.GET took 35ms. User: unknown
/js/site.js.GET took 1ms. User: unknown
/TasksList.GET took 159ms. User: miryam
/index.html.GET took 3ms. User: unknown
/js/site.js.GET took 2ms. User: unknown
/Login.POST took 123ms. User: unknown
/Users.GET took 7ms. User: miryam
/Users/325732774.DELETE took 59ms. User: miryam
/Users.GET took 2ms. User: miryam
/Users/325732774.DELETE took 7ms. User: miryam
/Users.GET took 2ms. User: miryam
/Users/325732774.DELETE took 5ms. User: miryam
/Users.GET took 2ms. User: miryam
/Users/7.DELETE took 8ms. User: miryam
/Users.GET took 2ms. User: miryam
/Users/6.DELETE took 7ms. User: miryam
/Users.GET took 1ms. User: miryam
/index.html.GET took 15ms. User: unknown
/js/site.js.GET took 24ms. User: unknown
/Users.GET took 136ms. User: miryam
/index.html.GET took 3ms. User: unknown
/js/site.js.GET took 1ms. User: unknown
/TasksList.GET took 16ms. User: miryam
/index.html.GET took 3ms. User: unknown
/js/site.js.GET took 3ms. User: unknown
/TasksList.GET took 1ms. User: miryam
/Users.GET took 1ms. User: miryam
/Users/325732774.DELETE took 460ms. User: miryam
/Users/325732774.DELETE took 26ms. User: miryam
/Users.GET took 1ms. User: miryam
/index.html.GET took 31ms. User: unknown
/js/site.js.GET took 2ms. User: unknown
/Users.GET took 0ms. User: miryam
/TasksList.GET took 10ms. User: miryam
/index.html.GET took 4ms. User: unknown
/Users.GET took 6ms. User: miryam
/TasksList.GET took 8ms. User: miryam
/index.html.GET took 3ms. User: unknown
/TasksList.GET took 1ms. User: miryam
/Users.GET took 2ms. User: miryam
/index.html.GET took 14ms. User: unknown
/js/site.js.GET took 1ms. User: unknown
/TasksList.GET took 149ms. User: miryam
/index.html.GET took 4ms. User: unknown
/TasksList.GET took 21ms. User: miryam
/Users.GET took 21ms. User: miryam
/Users/5.DELETE took 102ms. User: miryam
/Users.GET took 1ms. User: miryam
/index.html.GET took 27ms. User: unknown
/js/site.js.GET took 1ms. User: unknown
/TasksList.GET took 175ms. User: miryam
/Users.GET took 170ms. User: miryam
/index.html.GET took 31ms. User: unknown
/js/site.js.GET took 1ms. User: unknown
/Users.GET took 118ms. User: miryam
/TasksList.GET took 118ms. User: miryam
/Users.POST took 163ms. User: miryam
/Users.GET took 4ms. User: miryam
/Users/325732774.DELETE took 103ms. User: miryam
/Users.GET took 2ms. User: miryam
/Users/325732774.DELETE took 6ms. User: miryam
/Users.GET took 3ms. User: miryam
/Users/325732775.DELETE took 33ms. User: miryam
/Users.GET took 1ms. User: miryam
/Users.POST took 10ms. User: miryam
/Users.GET took 2ms. User: miryam
/index.html.GET took 10ms. User: unknown
/js/site.js.GET took 0ms. User: unknown
/TasksList.GET took 144ms. User: miryam
/index.html.GET took 0ms. User: unknown
/TasksList.GET took 5ms. User: miryam
/Users.GET took 5ms. User: miryam
/Users.POST took 69ms. User: miryam
/Users.GET took 0ms. User: miryam
/index.html.GET took 1ms. User: unknown
/Users.GET took 1ms. User: miryam
/index.html.GET took 1ms. User: unknown
/TasksList.GET took 1ms. User: miryam
/Users.GET took 0ms. User: miryam
/Users.POST took 4ms. User: miryam
/Users.GET took 1ms. User: miryam
/Users.POST took 3ms. User: miryam
/Users.GET took 0ms. User: miryam
/index.html.GET took 10ms. User: unknown
/js/site.js.GET took 12ms. User: unknown
/TasksList.GET took 91ms. User: miryam
/index.html.GET took 1ms. User: unknown
/js/site.js.GET took 3ms. User: unknown
/TasksList.GET took 1ms. User: miryam
/Users.GET took 1ms. User: miryam
/Users.POST took 68ms. User: miryam
/Users.GET took 0ms. User: miryam
/Users/325732778.DELETE took 27ms. User: miryam
/Users.GET took 0ms. User: miryam
/Users/325732777.DELETE took 5ms. User: miryam
/Users.GET took 0ms. User: miryam
/Users/325732779.DELETE took 4ms. User: miryam
/Users.GET took 0ms. User: miryam
/index.html.GET took 12ms. User: unknown
/js/site.js.GET took 0ms. User: unknown
/TasksList.GET took 100ms. User: miryam
/index.html.GET took 1ms. User: unknown
/TasksList.GET took 2ms. User: miryam
/Users.GET took 4ms. User: miryam
/Users/GetUser.GET took 11ms. User: miryam
/Users/GetUser.GET took 0ms. User: miryam
/Users/325732774.PUT took 48ms. User: miryam
/Users.GET took 0ms. User: miryam
/index.html.GET took 12ms. User: unknown
/js/site.js.GET took 0ms. User: unknown
/TasksList.GET took 94ms. User: miryam
/index.html.GET took 1ms. User: unknown
/TasksList.GET took 6ms. User: miryam
/index.html.GET took 1ms. User: unknown
/TasksList.GET took 0ms. User: miryam
/index.html.GET took 0ms. User: unknown
/TasksList.GET took 1ms. User: miryam
/index.html.GET took 3ms. User: unknown
/TasksList.GET took 0ms. User: miryam
/index.html.GET took 0ms. User: unknown
/js/site.js.GET took 0ms. User: unknown
/TasksList.GET took 0ms. User: miryam
/index.html.GET took 0ms. User: unknown
/js/site.js.GET took 0ms. User: unknown
/TasksList.GET took 0ms. User: miryam
/index.html.GET took 0ms. User: unknown
/js/site.js.GET took 0ms. User: unknown
/TasksList.GET took 0ms. User: miryam
/index.html.GET took 12ms. User: unknown
/js/site.js.GET took 0ms. User: unknown
/TasksList.GET took 87ms. User: miryam
/index.html.GET took 2ms. User: unknown
/TasksList.GET took 4ms. User: miryam
/index.html.GET took 13ms. User: unknown
/js/site.js.GET took 0ms. User: unknown
/Users.GET took 90ms. User: miryam
/TasksList.GET took 90ms. User: miryam
/Users/GetUser.GET took 6ms. User: miryam
/Users/GetUser.GET took 1ms. User: miryam
/Users/325732774.PUT took 46ms. User: miryam
/Users.GET took 0ms. User: miryam
/index.html.GET took 10ms. User: unknown
/js/site.js.GET took 1ms. User: unknown
/TasksList.GET took 87ms. User: miryam
/Users.GET took 87ms. User: miryam
/Users/325732774.DELETE took 78ms. User: miryam
/Users.GET took 1ms. User: miryam
/Users/GetUser.GET took 6ms. User: miryam
/Users/325732774.PUT took 22ms. User: miryam
/Users.GET took 0ms. User: miryam
/index.html.GET took 10ms. User: unknown
/TasksList.GET took 83ms. User: miryam
/index.html.GET took 1ms. User: unknown
/js/site.js.GET took 0ms. User: unknown
/Users.GET took 5ms. User: miryam
/index.html.GET took 13ms. User: unknown
/TasksList.GET took 92ms. User: miryam
/index.html.GET took 1ms. User: unknown
/Users.GET took 4ms. User: miryam
/index.html.GET took 2ms. User: unknown
/TasksList.GET took 0ms. User: miryam
/Users.GET took 0ms. User: miryam
/index.html.GET took 17ms. User: unknown
/TasksList.GET took 96ms. User: miryam
/index.html.GET took 1ms. User: unknown
/TasksList.GET took 4ms. User: miryam
/Users.GET took 4ms. User: miryam
/Users/GetUser.GET took 12ms. User: miryam
/index.html.GET took 11ms. User: unknown
/js/site.js.GET took 0ms. User: unknown
/Users.GET took 103ms. User: miryam
/TasksList.GET took 104ms. User: miryam
/index.html.GET took 15ms. User: unknown
/css/site.css.GET took 0ms. User: unknown
/js/site.js.GET took 16ms. User: unknown
/Users.GET took 77ms. User: miryam
/swagger.GET took 1ms. User: unknown
/swagger.GET took 1ms. User: unknown
/TasksList.GET took 72ms. User: miryam
/TasksList.GET took 75ms. User: miryam
/swagger.GET took 1ms. User: unknown
/swagger.GET took 1ms. User: unknown
/index.html.GET took 35ms. User: unknown
/js/site.js.GET took 13ms. User: unknown
/swagger.GET took 5ms. User: unknown
/swagger/index.html.GET took 78ms. User: unknown
/swagger/swagger-ui.css.GET took 10ms. User: unknown
/swagger/swagger-ui-standalone-preset.js.GET took 7ms. User: unknown
/swagger/favicon-32x32.png.GET took 0ms. User: unknown
/swagger/v1/swagger.json.GET took 107ms. User: unknown
/.GET took 22ms. User: unknown
/.GET took 3ms. User: unknown
/.GET took 1ms. User: unknown
/.GET took 0ms. User: unknown
/.GET took 28ms. User: unknown
/.GET took 5ms. User: unknown
/.GET took 33ms. User: unknown
/.GET took 25ms. User: unknown
/index.html.GET took 104ms. User: unknown
/js/site.js.GET took 38ms. User: unknown
/Login.POST took 282ms. User: unknown
/Users.GET took 13ms. User: miryam
/TasksList.GET took 16ms. User: miryam
/Users/GetUser.GET took 11ms. User: miryam
/index.html.GET took 7ms. User: unknown
/TasksList.GET took 1ms. User: miryam
/Users.GET took 6ms. User: miryam
/index.html.GET took 72ms. User: unknown
/js/site.js.GET took 13ms. User: unknown
/Login.POST took 268ms. User: unknown
/Users.GET took 13ms. User: miryam
/TasksList.GET took 16ms. User: miryam
/Users/GetUser.GET took 10ms. User: miryam
/Users/325732774.PUT took 27ms. User: miryam
/Users.GET took 0ms. User: miryam
/index.html.GET took 44ms. User: unknown
/Users.GET took 81ms. User: miryam
/TasksList.GET took 84ms. User: miryam
/index.html.GET took 9ms. User: unknown
/index.html.GET took 45ms. User: unknown
/index.html.GET took 12ms. User: unknown
/Users.GET took 154ms. User: miryam
/TasksList.GET took 157ms. User: miryam
/index.html.GET took 3ms. User: unknown
/index.html.GET took 59ms. User: unknown
/index.html.GET took 112ms. User: unknown
/index.html.GET took 13ms. User: unknown
/Login.POST took 341ms. User: unknown
/index.html.GET took 49ms. User: unknown
/index.html.GET took 25ms. User: unknown
/css/site.css.GET took 4ms. User: unknown
/js/site.js.GET took 18ms. User: unknown
/Login.POST took 266ms. User: unknown
/Login.GET took 0ms. User: unknown
/index.html.GET took 7ms. User: unknown
/index.html.GET took 108ms. User: unknown
/index.html.GET took 161ms. User: unknown
/js/site.js.GET took 9ms. User: unknown
/index.html.GET took 53ms. User: unknown
/index.html.GET took 62ms. User: unknown
/index.html.GET took 66ms. User: unknown
/index.html.GET took 64ms. User: unknown
/js/site.js.GET took 3ms. User: unknown
/index.html.GET took 43ms. User: unknown
/index.html.GET took 51ms. User: unknown
/index.html.GET took 137ms. User: unknown
/js/site.js.GET took 8ms. User: unknown
/index.html.GET took 15ms. User: unknown
/index.html.GET took 7ms. User: unknown
/index.html.GET took 8ms. User: unknown
/index.html.GET took 41ms. User: unknown
/index.html.GET took 20ms. User: unknown
/index.html.GET took 7ms. User: unknown
/index.html.GET took 8ms. User: unknown
/index.html.GET took 49ms. User: unknown
/index.html.GET took 12ms. User: unknown
/index.html.GET took 6ms. User: unknown
/index.html.GET took 6ms. User: unknown
/index.html.GET took 79ms. User: unknown
/index.html.GET took 43ms. User: unknown
/css/site.css.GET took 10ms. User: unknown
/index.html.GET took 65ms. User: unknown
/index.html.GET took 18ms. User: unknown
/index.html.GET took 67ms. User: unknown
/index.html.GET took 132ms. User: unknown
/index.html.GET took 13ms. User: unknown
/index.html.GET took 112ms. User: unknown
/index.html.GET took 22ms. User: unknown
/index.html.GET took 79ms. User: unknown
/index.html.GET took 21ms. User: unknown
/index.html.GET took 110ms. User: unknown
/js/site.js.GET took 13ms. User: unknown
/index.html.GET took 154ms. User: unknown
/js/site.js.GET took 10ms. User: unknown
/index.html.GET took 49ms. User: unknown
/js/site.js.GET took 3ms. User: unknown
/index.html.GET took 65ms. User: unknown
/js/site.js.GET took 4ms. User: unknown
/index.html.GET took 3ms. User: unknown
/index.html.GET took 51ms. User: unknown
/js/site.js.GET took 3ms. User: unknown
/index.html.GET took 48ms. User: unknown
/js/site.js.GET took 4ms. User: unknown
/index.html.GET took 87ms. User: unknown
/index.html.GET took 131ms. User: unknown
/js/site.js.GET took 8ms. User: unknown
/Login.POST took 310ms. User: unknown
/index.html.GET took 67ms. User: unknown
/index.html.GET took 12ms. User: unknown
/index.html.GET took 146ms. User: unknown
/js/site.js.GET took 5ms. User: unknown
/index.html.GET took 71ms. User: unknown
/index.html.GET took 62ms. User: unknown
/js/site.js.GET took 17ms. User: unknown
/index.html.GET took 15ms. User: unknown
/js/site.js.GET took 2ms. User: unknown
/index.html.GET took 43ms. User: unknown
/js/site.js.GET took 9ms. User: unknown
/index.html.GET took 46ms. User: unknown
/js/site.js.GET took 9ms. User: unknown
/index.html.GET took 56ms. User: unknown
/js/site.js.GET took 15ms. User: unknown
/Login.POST took 224ms. User: unknown
/index.html.GET took 8ms. User: unknown
/js/site.js.GET took 2ms. User: unknown
/Login.POST took 17ms. User: unknown
/index.html.GET took 66ms. User: unknown
/js/site.js.GET took 6ms. User: unknown
/Login.POST took 178ms. User: unknown
/index.html.GET took 72ms. User: unknown
/js/site.js.GET took 10ms. User: unknown
/Login.POST took 415ms. User: unknown
/TasksList.GET took 10ms. User: Miryam
/Users.GET took 12ms. User: Miryam
/TasksList.POST took 92ms. User: Miryam
/TasksList.GET took 0ms. User: Miryam
/TasksList.POST took 9ms. User: Miryam
/TasksList.GET took 0ms. User: Miryam
/TasksList.POST took 3ms. User: Miryam
/TasksList.GET took 0ms. User: Miryam
/TasksList.POST took 3ms. User: Miryam
/TasksList.GET took 0ms. User: Miryam
/Users/GetUser.GET took 8ms. User: Miryam
/Users/6.PUT took 13ms. User: Miryam
/Users.GET took 0ms. User: Miryam
/index.html.GET took 55ms. User: unknown
/css/site.css.GET took 1ms. User: unknown
/js/site.js.GET took 4ms. User: unknown
/Login.POST took 225ms. User: unknown
/Users.GET took 12ms. User: Miryam
/TasksList.GET took 24ms. User: Miryam
/index.html.GET took 49ms. User: unknown
/css/site.css.GET took 4ms. User: unknown
/js/site.js.GET took 11ms. User: unknown
/Users.GET took 10ms. User: Miryam
/TasksList.GET took 78ms. User: Miryam
/Login.POST took 151ms. User: unknown
/TasksList.GET took 1ms. User: Miryam
/Users.GET took 6ms. User: Miryam
/Users/GetUser.GET took 13ms. User: Miryam
/Users/GetUser.GET took 0ms. User: Miryam
/Users/6.PUT took 19ms. User: Miryam
/Users.GET took 0ms. User: Miryam
/Users.GET took 43ms. User: Miryam
/TasksList.GET took 104ms. User: Miryam
/TasksList.GET took 6ms. User: Miryam
/Users.GET took 10ms. User: Miryam
/Login.POST took 160ms. User: unknown
/index.html.GET took 37ms. User: unknown
/TasksList.GET took 1ms. User: Miryam
/Users.GET took 5ms. User: Miryam
/Login.POST took 41ms. User: unknown
/Users.GET took 0ms. User: Miryam
/TasksList.GET took 0ms. User: Miryam
/Users.GET took 91ms. User: Miryam
/TasksList.GET took 253ms. User: Miryam
/Login.POST took 135ms. User: unknown
/TasksList.GET took 1ms. User: Miryam
/Users.GET took 7ms. User: Miryam
/swagger.GET took 1ms. User: unknown
/swagger/index.html.GET took 130ms. User: unknown
/swagger/swagger-ui-standalone-preset.js.GET took 28ms. User: unknown
/swagger/swagger-ui-bundle.js.GET took 33ms. User: unknown
/swagger/favicon-32x32.png.GET took 0ms. User: unknown
/swagger/v1/swagger.json.GET took 173ms. User: unknown
/Login.POST took 6ms. User: unknown
/swagger/index.html.GET took 1ms. User: unknown
/swagger/v1/swagger.json.GET took 9ms. User: unknown
/Users.GET took 8ms. User: miryam
/Users/5.PUT took 31ms. User: miryam
/Users/5.PUT took 5ms. User: miryam
/index.html.GET took 79ms. User: unknown
/js/site.js.GET took 22ms. User: unknown
/Users.GET took 25ms. User: Miryam
/TasksList.GET took 158ms. User: Miryam
/Login.POST took 88ms. User: unknown
/TasksList.GET took 0ms. User: Miryam
/Users.GET took 3ms. User: Miryam
/swagger.GET took 1ms. User: unknown
/swagger/index.html.GET took 121ms. User: unknown
/swagger/swagger-ui.css.GET took 13ms. User: unknown
/swagger/swagger-ui-standalone-preset.js.GET took 21ms. User: unknown
/swagger/favicon-32x32.png.GET took 0ms. User: unknown
/swagger/v1/swagger.json.GET took 248ms. User: unknown
/Login.POST took 30ms. User: unknown
/Login.POST took 12ms. User: unknown
/Login.POST took 1ms. User: unknown
/Login.POST took 1ms. User: miryam
/Login.POST took 1ms. User: unknown
/Login.POST took 1ms. User: unknown
/Login.POST took 11ms. User: unknown
/Login.POST took 1ms. User: unknown
/Login.POST took 190ms. User: unknown
/Login.POST took 5668ms. User: unknown
/Login.POST took 5229ms. User: unknown
/Login.POST took 5244ms. User: unknown
/Login.POST took 6367ms. User: unknown
/Login.POST took 6294ms. User: unknown
/Login.POST took 516ms. User: unknown
/Login.POST took 508ms. User: unknown
/Login.POST took 51ms. User: unknown
/Login.POST took 5226ms. User: unknown
/index.html.GET took 65ms. User: unknown
/css/site.css.GET took 21ms. User: unknown
/js/site.js.GET took 21ms. User: unknown
/Users.GET took 30ms. User: Miryam
/TasksList.GET took 163ms. User: Miryam
/Login.POST took 148ms. User: unknown
/TasksList.GET took 1ms. User: Miryam
/Users.GET took 6ms. User: Miryam
/TasksList.GET took 1ms. User: Miryam
/Users.GET took 2ms. User: Miryam
/Login.POST took 61ms. User: unknown
/Login.POST took 5898ms. User: unknown
/js/site.js.GET took 26ms. User: unknown
/.GET took 24ms. User: unknown
/.GET took 1ms. User: unknown
/.GET took 1ms. User: unknown
/index.html.GET took 59ms. User: unknown
/js/site.js.GET took 19ms. User: unknown
/Users.GET took 11ms. User: Miryam
/TasksList.GET took 86ms. User: Miryam
/index.html.GET took 41ms. User: unknown
/Users.GET took 19ms. User: Miryam
/TasksList.GET took 91ms. User: Miryam
/index.html.GET took 54ms. User: unknown
/Users.GET took 16ms. User: Miryam
/TasksList.GET took 105ms. User: Miryam
/index.html.GET took 7ms. User: unknown
/Login.POST took 98ms. User: unknown
/TasksList.GET took 0ms. User: miryam
/Users.GET took 9ms. User: miryam
/index.html.GET took 4ms. User: unknown
/Users.GET took 26ms. User: unknown
/TasksList.GET took 112ms. User: unknown
/index.html.GET took 44ms. User: unknown
/Users.GET took 19ms. User: unknown
/TasksList.GET took 85ms. User: unknown
/Login.POST took 136ms. User: unknown
/Users.GET took 10ms. User: miryam
/TasksList.GET took 12ms. User: miryam
/index.html.GET took 7ms. User: unknown
/TasksList.GET took 1ms. User: miryam
/Users.GET took 9ms. User: miryam
/index.html.GET took 4ms. User: unknown
/js/site.js.GET took 18ms. User: unknown
/TasksList.GET took 0ms. User: miryam
/Users.GET took 1ms. User: miryam
/index.html.GET took 3ms. User: unknown
/js/site.js.GET took 2ms. User: unknown
/TasksList.GET took 1ms. User: miryam
/Users.GET took 1ms. User: miryam
/index.html.GET took 4ms. User: unknown
/TasksList.GET took 1ms. User: miryam
/Users.GET took 1ms. User: miryam
/js/site.js.GET took 42ms. User: unknown
/Users.GET took 93ms. User: miryam
/TasksList.GET took 93ms. User: miryam
/Users.GET took 4ms. User: miryam
/TasksList.GET took 4ms. User: miryam
/Login.POST took 6058ms. User: unknown
/js/site.js.GET took 49ms. User: unknown
/Users.GET took 117ms. User: miryam
/Login.POST took 107ms. User: unknown
/Users.GET took 5ms. User: miryam
/Login.POST took 50ms. User: unknown
/Login.POST took 1ms. User: unknown
/TasksList.GET took 4ms. User: miryam
/Users.GET took 8ms. User: miryam
/Login.POST took 4ms. User: unknown
/TasksList.GET took 12ms. User: Miryam
/Users.GET took 19ms. User: Miryam
/index.html.GET took 56ms. User: unknown
/css/site.css.GET took 3ms. User: unknown
/js/site.js.GET took 11ms. User: unknown
/Users.GET took 4ms. User: Miryam
/TasksList.GET took 38ms. User: Miryam
/Login.POST took 37ms. User: unknown
/Users.GET took 1ms. User: Miryam
/TasksList.GET took 1ms. User: Miryam
/TasksList.POST took 52ms. User: Miryam
/TasksList.GET took 0ms. User: Miryam
/TasksList/17.PUT took 11ms. User: Miryam
/TasksList.GET took 0ms. User: Miryam
/TasksList/19.PUT took 1ms. User: Miryam
/TasksList.GET took 0ms. User: Miryam
/TasksList/21.DELETE took 9ms. User: Miryam
/TasksList.GET took 0ms. User: Miryam
/Users/GetUser.GET took 11ms. User: Miryam
/Users/6.PUT took 4ms. User: Miryam
/Users.GET took 0ms. User: Miryam
/index.html.GET took 13ms. User: unknown
/TasksList.GET took 0ms. User: Miryam
/TasksList/17.PUT took 1ms. User: Miryam
/TasksList.GET took 0ms. User: Miryam
/index.html.GET took 4ms. User: unknown
/Users.GET took 0ms. User: Miryam
/TasksList.GET took 0ms. User: Miryam
/Users.GET took 19ms. User: Miryam
/TasksList.GET took 52ms. User: Miryam
/TasksList.POST took 49ms. User: Miryam
/TasksList.GET took 0ms. User: Miryam
/TasksList/18.PUT took 13ms. User: Miryam
/TasksList.GET took 0ms. User: Miryam
/Users/GetUser.GET took 11ms. User: Miryam
/Users/6.PUT took 9ms. User: Miryam
/Users.GET took 0ms. User: Miryam
/TasksList/21.DELETE took 8ms. User: Miryam
/TasksList.GET took 0ms. User: Miryam
/Users.GET took 19ms. User: Miryam
/TasksList.GET took 52ms. User: Miryam
/Users.GET took 20ms. User: Miryam
/TasksList.GET took 50ms. User: Miryam
/index.html.GET took 21ms. User: unknown
/Users.GET took 5ms. User: Miryam
/TasksList.GET took 36ms. User: Miryam
/Users.GET took 21ms. User: Miryam
/TasksList.GET took 63ms. User: Miryam
/js/site.js.GET took 47ms. User: unknown
/Users.GET took 16ms. User: Miryam
/TasksList.GET took 98ms. User: Miryam
/Users.GET took 62ms. User: Miryam
/Users.OPTIONS took 3ms. User: unknown
/index.html.GET took 51ms. User: unknown
/Users.GET took 11ms. User: Miryam
/TasksList.GET took 73ms. User: Miryam
/Login.POST took 124ms. User: unknown
/Users.GET took 2ms. User: Miryam
/TasksList.GET took 2ms. User: Miryam
/TasksList.POST took 68ms. User: Miryam
/TasksList.GET took 0ms. User: Miryam
/index.html.GET took 51ms. User: unknown
/css/site.css.GET took 19ms. User: unknown
/js/site.js.GET took 20ms. User: unknown
/Login.POST took 307ms. User: unknown
/Users.GET took 22ms. User: miryam
/TasksList.GET took 26ms. User: miryam
/index.html.GET took 11ms. User: unknown
/TasksList.GET took 6ms. User: miryam
/index.html.GET took 3ms. User: unknown
/index.html.GET took 3ms. User: unknown
/Login.POST took 13ms. User: unknown
/TasksList.GET took 1ms. User: Miryam
/Users.GET took 10ms. User: Miryam
/Users.GET took 61ms. User: Miryam
/TasksList.GET took 175ms. User: Miryam
/TasksList/21.PUT took 88ms. User: Miryam
/TasksList.GET took 1ms. User: Miryam
/Login.POST took 5640ms. User: unknown
/Login.POST took 19ms. User: unknown
/Login.POST took 3ms. User: unknown
/Login.POST took 1ms. User: unknown
/Login.POST took 1ms. User: unknown
/Login.POST took 1ms. User: unknown
/Users.GET took 64ms. User: Miryam
/TasksList.GET took 172ms. User: Miryam
/Users.GET took 4ms. User: Miryam
/TasksList.GET took 4ms. User: Miryam
/TasksList.OPTIONS took 0ms. User: unknown
/Users.GET took 54ms. User: Miryam
/TasksList.GET took 172ms. User: Miryam
/TasksList/21.DELETE took 72ms. User: Miryam
/TasksList.GET took 2ms. User: Miryam
/index.html.GET took 115ms. User: unknown
/js/site.js.GET took 8ms. User: unknown
/Users.GET took 23ms. User: Miryam
/TasksList.GET took 173ms. User: Miryam
/Login.POST took 176ms. User: unknown
/Users.GET took 4ms. User: Miryam
/TasksList.GET took 5ms. User: Miryam
/Login.POST took 42ms. User: unknown
/swagger.GET took 0ms. User: unknown
/swagger/index.html.GET took 88ms. User: unknown
/swagger/swagger-ui.css.GET took 30ms. User: unknown
/swagger/swagger-ui-standalone-preset.js.GET took 28ms. User: unknown
/swagger/favicon-32x32.png.GET took 0ms. User: unknown
/swagger/index.html.GET took 130ms. User: unknown
/swagger/v1/swagger.json.GET took 136ms. User: unknown
/Login.POST took 286ms. User: unknown
/Login.POST took 4ms. User: unknown
/Login.POST took 5322ms. User: unknown
/Login.POST took 7ms. User: unknown
/Login.POST took 1ms. User: unknown
/Login.POST took 1ms. User: unknown
/Login.POST took 2ms. User: unknown
/Login.POST took 1ms. User: unknown
/Login.POST took 1ms. User: unknown
/Login.POST took 0ms. User: unknown
/Login.POST took 0ms. User: unknown
/Login.POST took 1ms. User: unknown
/Login.POST took 1ms. User: unknown
/Login.POST took 1ms. User: unknown
/Login.POST took 0ms. User: unknown
/Login.POST took 1ms. User: unknown
/Login.POST took 5846ms. User: unknown
/Login.POST took 1ms. User: unknown
/Login.POST took 2ms. User: unknown
/Login.POST took 1ms. User: unknown
/Login.POST took 1ms. User: unknown
/Login.POST took 0ms. User: unknown
/swagger/index.html.GET took 1ms. User: unknown
/swagger/v1/swagger.json.GET took 10ms. User: unknown
/Users.GET took 19ms. User: Miryam
/TasksList.GET took 32ms. User: Miryam
/index.html.GET took 48ms. User: unknown
/Login.POST took 8ms. User: unknown
/Users.GET took 6ms. User: Miryam
/TasksList.GET took 9ms. User: Miryam
/index.html.GET took 26ms. User: unknown
/Users.GET took 2ms. User: Miryam
/fork.GET took 7ms. User: unknown
/fork.GET took 4ms. User: unknown
/fork.GET took 0ms. User: unknown
/fork.GET took 1ms. User: unknown
/Login.POST took 1ms. User: unknown
/fork.GET took 0ms. User: unknown
/fork.GET took 1ms. User: unknown
/Login.POST took 1ms. User: unknown
/Login.POST took 0ms. User: unknown
/Login.POST took 1ms. User: unknown
/Login.POST took 1ms. User: unknown
/index.html.GET took 7ms. User: unknown
/TasksList.GET took 1ms. User: Miryam
/Users.GET took 0ms. User: Miryam
/index.html.GET took 2ms. User: unknown
/fork.GET took 0ms. User: unknown
/index.html.GET took 6ms. User: unknown
/fork.GET took 0ms. User: unknown
/fork.GET took 0ms. User: unknown
/fork.GET took 0ms. User: unknown
/fork.GET took 0ms. User: unknown
/redirect.GET took 0ms. User: unknown
/index.html.GET took 95ms. User: unknown
/fork.GET took 16ms. User: unknown
/fork.GET took 6ms. User: unknown
/redirect.GET took 1ms. User: unknown
/index.html.GET took 98ms. User: unknown
/fork.GET took 20ms. User: unknown
/index.html.GET took 54ms. User: unknown
/fork.GET took 15ms. User: unknown
/index.html.GET took 11ms. User: unknown
/Login.POST took 286ms. User: unknown
/fork.GET took 4ms. User: unknown
/index.html.GET took 8ms. User: unknown
/fork.GET took 1ms. User: unknown
/fork.GET took 0ms. User: unknown
/fork.GET took 1ms. User: unknown
/fork.GET took 0ms. User: unknown
/index.html.GET took 6ms. User: unknown
/fork.GET took 0ms. User: unknown
/index.html.GET took 129ms. User: unknown
/css/site.css.GET took 25ms. User: unknown
/js/site.js.GET took 28ms. User: unknown
/swagger.GET took 2ms. User: unknown
/swagger/index.html.GET took 185ms. User: unknown
/swagger/swagger-ui.css.GET took 32ms. User: unknown
/swagger/swagger-ui-standalone-preset.js.GET took 36ms. User: unknown
/swagger/swagger-ui-bundle.js.GET took 66ms. User: unknown
/swagger/favicon-32x32.png.GET took 0ms. User: unknown
/swagger/v1/swagger.json.GET took 185ms. User: unknown
/index.html.GET took 52ms. User: unknown
/css/site.css.GET took 5ms. User: unknown
/js/site.js.GET took 7ms. User: unknown
/swagger.GET took 0ms. User: unknown
/swagger/index.html.GET took 73ms. User: unknown
/swagger/swagger-ui.css.GET took 14ms. User: unknown
/swagger/swagger-ui-standalone-preset.js.GET took 16ms. User: unknown
/swagger/swagger-ui-bundle.js.GET took 28ms. User: unknown
/swagger/v1/swagger.json.GET took 115ms. User: unknown
/Login.POST took 179ms. User: unknown
/Users.GET took 7ms. User: miryam
/index.html.GET took 2ms. User: unknown
/index.html.GET took 2ms. User: unknown
/Login.POST took 2ms. User: unknown
/Users.GET took 3ms. User: miryam
/TasksList.GET took 7ms. User: miryam
/index.html.GET took 1ms. User: unknown
/Login.POST took 1ms. User: unknown
/TasksList.GET took 2ms. User: miryam
/Users.GET took 0ms. User: miryam
/index.html.GET took 1ms. User: unknown
/TasksList.GET took 0ms. User: miryam
/Users.GET took 0ms. User: miryam
/Login.POST took 0ms. User: unknown
/Users.GET took 0ms. User: miryam
/Login.POST took 0ms. User: miryam
/Users.GET took 0ms. User: miryam
/swagger/index.html.GET took 82ms. User: unknown
/swagger/favicon-32x32.png.GET took 6ms. User: unknown
/swagger/v1/swagger.json.GET took 109ms. User: unknown
/Login.POST took 159ms. User: unknown
/TasksList.GET took 14ms. User: miryam
/Users.GET took 6ms. User: miryam
/index.html.GET took 9ms. User: unknown
/TasksList.GET took 1ms. User: miryam
/Users.GET took 2ms. User: miryam
/Users.GET took 4ms. User: unknown
/swagger/index.html.GET took 0ms. User: unknown
/swagger/v1/swagger.json.GET took 12ms. User: unknown
/Login.POST took 2ms. User: unknown
/Users.GET took 0ms. User: miryam
/index.html.GET took 1ms. User: unknown
/Users.GET took 0ms. User: miryam
/TasksList.GET took 0ms. User: miryam
/index.html.GET took 0ms. User: unknown
/Users.GET took 0ms. User: miryam
/TasksList.GET took 0ms. User: miryam
/index.html.GET took 1ms. User: unknown
/Login.POST took 2ms. User: unknown
/Users.GET took 0ms. User: miryam
/TasksList.GET took 0ms. User: miryam
/index.html.GET took 7ms. User: unknown
/TasksList.GET took 0ms. User: miryam
/Users.GET took 0ms. User: miryam
/index.html.GET took 2ms. User: unknown
/Users.GET took 0ms. User: miryam
/Login.POST took 0ms. User: unknown
/TasksList.GET took 0ms. User: miryam
/index.html.GET took 35ms. User: unknown
/TasksList.GET took 44ms. User: miryam
/Users.GET took 50ms. User: miryam
